d:\practice\class hierarchy\class hierarchy\x64\debug\vc143.pdb
d:\practice\class hierarchy\class hierarchy\x64\debug\vc143.idb
d:\practice\class hierarchy\class hierarchy\x64\debug\miancpp.obj
d:\practice\class hierarchy\class hierarchy\x64\debug\gradeactivity.obj
d:\practice\class hierarchy\class hierarchy\x64\debug\passfailacticity.obj
d:\practice\class hierarchy\class hierarchy\x64\debug\passfailexam.obj
d:\practice\some bassic for pilymorphism\class hierarchy\x64\debug\vc143.pdb
d:\practice\some bassic for pilymorphism\class hierarchy\x64\debug\vc143.idb
d:\practice\some bassic for pilymorphism\class hierarchy\x64\debug\passfailexam.obj
d:\practice\some bassic for pilymorphism\class hierarchy\x64\debug\passfailacticity.obj
d:\practice\some bassic for pilymorphism\class hierarchy\x64\debug\miancpp.obj
d:\practice\some bassic for pilymorphism\class hierarchy\x64\debug\gradeactivity.obj
d:\practice\some bassic for pilymorphism\class hierarchy\x64\debug\finalexam.obj
d:\practice\class hierarchy\class hierarchy\x64\debug\class hierarchy.ilk
d:\practice\class hierarchy\x64\debug\class hierarchy.exe
d:\practice\class hierarchy\x64\debug\class hierarchy.pdb
d:\practice\some bassic for pilymorphism\x64\debug\class hierarchy.exe
d:\practice\some bassic for pilymorphism\class hierarchy\x64\debug\class hierarchy.ilk
d:\practice\some bassic for pilymorphism\x64\debug\class hierarchy.pdb
d:\practice\some bassic for pilymorphism\class hierarchy\x64\debug\class hierarchy.tlog\cl.command.1.tlog
d:\practice\some bassic for pilymorphism\class hierarchy\x64\debug\class hierarchy.tlog\cl.read.1.tlog
d:\practice\some bassic for pilymorphism\class hierarchy\x64\debug\class hierarchy.tlog\cl.write.1.tlog
d:\practice\some bassic for pilymorphism\class hierarchy\x64\debug\class hierarchy.tlog\link.command.1.tlog
d:\practice\some bassic for pilymorphism\class hierarchy\x64\debug\class hierarchy.tlog\link.read.1.tlog
d:\practice\some bassic for pilymorphism\class hierarchy\x64\debug\class hierarchy.tlog\link.write.1.tlog
