d:\practice\semester 2 walmart\semester 2 walmart\x64\debug\vc143.pdb
d:\practice\semester 2 walmart\semester 2 walmart\x64\debug\vc143.idb
d:\practice\semester 2 walmart\semester 2 walmart\x64\debug\user.obj
d:\practice\semester 2 walmart\semester 2 walmart\x64\debug\signup.obj
d:\practice\semester 2 walmart\semester 2 walmart\x64\debug\signin.obj
d:\practice\semester 2 walmart\semester 2 walmart\x64\debug\product.obj
d:\practice\semester 2 walmart\semester 2 walmart\x64\debug\grocery.obj
d:\practice\semester 2 walmart\semester 2 walmart\x64\debug\electronics.obj
d:\practice\semester 2 walmart\semester 2 walmart\x64\debug\driver.obj
d:\practice\semester 2 walmart\semester 2 walmart\x64\debug\cart.obj
d:\practice\semester 2 walmart\semester 2 walmart\x64\debug\admin.obj
d:\practice\semester 2 walmart\semester 2 walmart\x64\debug\account.obj
d:\practice\semester 2 walmart\x64\debug\semester 2 walmart.exe
d:\practice\semester 2 walmart\semester 2 walmart\x64\debug\semester 2 walmart.ilk
d:\practice\semester 2 walmart\x64\debug\semester 2 walmart.pdb
d:\practice\semester 2 walmart\semester 2 walmart\x64\debug\semester.a4b75001.tlog\cl.command.1.tlog
d:\practice\semester 2 walmart\semester 2 walmart\x64\debug\semester.a4b75001.tlog\cl.read.1.tlog
d:\practice\semester 2 walmart\semester 2 walmart\x64\debug\semester.a4b75001.tlog\cl.write.1.tlog
d:\practice\semester 2 walmart\semester 2 walmart\x64\debug\semester.a4b75001.tlog\link.command.1.tlog
d:\practice\semester 2 walmart\semester 2 walmart\x64\debug\semester.a4b75001.tlog\link.read.1.tlog
d:\practice\semester 2 walmart\semester 2 walmart\x64\debug\semester.a4b75001.tlog\link.write.1.tlog
