d:\practice\oop therory project version 1.3\oop therory project version 1.3\x64\debug\vc143.pdb
d:\practice\oop therory project version 1.3\oop therory project version 1.3\x64\debug\vc143.idb
d:\practice\oop therory project version 1.3\oop therory project version 1.3\x64\debug\user.obj
d:\practice\oop therory project version 1.3\oop therory project version 1.3\x64\debug\signup.obj
d:\practice\oop therory project version 1.3\oop therory project version 1.3\x64\debug\signin.obj
d:\practice\oop therory project version 1.3\oop therory project version 1.3\x64\debug\product.obj
d:\practice\oop therory project version 1.3\oop therory project version 1.3\x64\debug\grocery.obj
d:\practice\oop therory project version 1.3\oop therory project version 1.3\x64\debug\electronics.obj
d:\practice\oop therory project version 1.3\oop therory project version 1.3\x64\debug\driver.obj
d:\practice\oop therory project version 1.3\oop therory project version 1.3\x64\debug\admin.obj
d:\practice\oop therory project version 1.3\oop therory project version 1.3\x64\debug\account.obj
d:\practice\oop therory project version 1.3\x64\debug\oop therory project version 1.3.exe
d:\practice\oop therory project version 1.3\oop therory project version 1.3\x64\debug\oop therory project version 1.3.ilk
d:\practice\oop therory project version 1.3\x64\debug\oop therory project version 1.3.pdb
d:\practice\oop therory project version 1.3\oop therory project version 1.3\x64\debug\oop ther.d35aea0c.tlog\cl.command.1.tlog
d:\practice\oop therory project version 1.3\oop therory project version 1.3\x64\debug\oop ther.d35aea0c.tlog\cl.read.1.tlog
d:\practice\oop therory project version 1.3\oop therory project version 1.3\x64\debug\oop ther.d35aea0c.tlog\cl.write.1.tlog
d:\practice\oop therory project version 1.3\oop therory project version 1.3\x64\debug\oop ther.d35aea0c.tlog\link.command.1.tlog
d:\practice\oop therory project version 1.3\oop therory project version 1.3\x64\debug\oop ther.d35aea0c.tlog\link.read.1.tlog
d:\practice\oop therory project version 1.3\oop therory project version 1.3\x64\debug\oop ther.d35aea0c.tlog\link.write.1.tlog
