e:\practice\do it now\x64\debug\vc143.pdb
e:\practice\do it now\x64\debug\vc143.idb
e:\practice\do it now\x64\debug\source.obj
e:\practice\do it now\x64\debug\source.obj.enc
e:\practice\do it now\x64\debug\do it now.pdb
e:\practice\do it now\x64\debug\do it now.tlog\cl.command.1.tlog
e:\practice\do it now\x64\debug\do it now.tlog\cl.read.1.tlog
e:\practice\do it now\x64\debug\do it now.tlog\cl.write.1.tlog
e:\practice\do it now\x64\debug\do it now.tlog\link-cvtres.read.1.tlog
e:\practice\do it now\x64\debug\do it now.tlog\link-cvtres.write.1.tlog
e:\practice\do it now\x64\debug\do it now.tlog\link-rc.read.1.tlog
e:\practice\do it now\x64\debug\do it now.tlog\link-rc.write.1.tlog
e:\practice\do it now\x64\debug\do it now.tlog\link.11604-cvtres.read.1.tlog
e:\practice\do it now\x64\debug\do it now.tlog\link.11604-cvtres.write.1.tlog
e:\practice\do it now\x64\debug\do it now.tlog\link.11604-rc.read.1.tlog
e:\practice\do it now\x64\debug\do it now.tlog\link.11604-rc.write.1.tlog
e:\practice\do it now\x64\debug\do it now.tlog\link.11604.read.1.tlog
e:\practice\do it now\x64\debug\do it now.tlog\link.11604.read.2.tlog
e:\practice\do it now\x64\debug\do it now.tlog\link.11604.write.1.tlog
e:\practice\do it now\x64\debug\do it now.tlog\link.command.1.tlog
e:\practice\do it now\x64\debug\do it now.tlog\link.read.1.tlog
e:\practice\do it now\x64\debug\do it now.tlog\link.read.2.tlog
e:\practice\do it now\x64\debug\do it now.tlog\link.write.1.tlog
